{"meta": {"format": 2, "version": "7.4.4", "timestamp": "2026-05-12T13:58:01.894135", "branch_coverage": false, "show_contexts": false}, "files": {"greatest_common_divisor.py": {"executed_lines": [1, 23, 25, 27], "summary": {"covered_lines": 4, "num_statements": 4, "percent_covered": 100.0, "percent_covered_display": "100", "missing_lines": 0, "excluded_lines": 0}, "missing_lines": [], "excluded_lines": []}}, "totals": {"covered_lines": 4, "num_statements": 4, "percent_covered": 100.0, "percent_covered_display": "100", "missing_lines": 0, "excluded_lines": 0}}