<?xml version="1.0" ?>
<coverage version="7.8.0" timestamp="1744591111689" lines-valid="15" lines-covered="2" line-rate="0.1333" branches-covered="0" branches-valid="0" branch-rate="0" complexity="0">
	<!-- Generated by coverage.py: https://coverage.readthedocs.io/en/7.8.0 -->
	<!-- Based on https://raw.githubusercontent.com/cobertura/web/master/htdocs/xml/coverage-04.dtd -->
	<sources>
		<source>C:\Users\antho\OneDrive\Área de Trabalho\testPilotAI</source>
	</sources>
	<packages>
		<package name="prompts" line-rate="0.1333" branch-rate="0" complexity="0">
			<classes>
				<class name="__init__.py" filename="prompts/__init__.py" complexity="0" line-rate="1" branch-rate="0">
					<methods/>
					<lines/>
				</class>
				<class name="code.py" filename="prompts/code.py" complexity="0" line-rate="0.6667" branch-rate="0">
					<methods/>
					<lines>
						<line number="1" hits="1"/>
						<line number="5" hits="1"/>
						<line number="27" hits="0"/>
					</lines>
				</class>
				<class name="generator.py" filename="prompts/generator.py" complexity="0" line-rate="0" branch-rate="0">
					<methods/>
					<lines>
						<line number="1" hits="0"/>
						<line number="2" hits="0"/>
						<line number="4" hits="0"/>
						<line number="5" hits="0"/>
						<line number="6" hits="0"/>
						<line number="9" hits="0"/>
						<line number="10" hits="0"/>
						<line number="12" hits="0"/>
						<line number="31" hits="0"/>
						<line number="33" hits="0"/>
						<line number="34" hits="0"/>
						<line number="36" hits="0"/>
					</lines>
				</class>
			</classes>
		</package>
	</packages>
</coverage>
