{"meta": {"format": 2, "version": "7.4.4", "timestamp": "2026-05-12T13:58:12.595447", "branch_coverage": false, "show_contexts": false}, "files": {"all_prefixes.py": {"executed_lines": [1, 5, 23, 25, 27, 29], "summary": {"covered_lines": 6, "num_statements": 6, "percent_covered": 100.0, "percent_covered_display": "100", "missing_lines": 0, "excluded_lines": 0}, "missing_lines": [], "excluded_lines": []}}, "totals": {"covered_lines": 6, "num_statements": 6, "percent_covered": 100.0, "percent_covered_display": "100", "missing_lines": 0, "excluded_lines": 0}}