{"meta": {"format": 2, "version": "7.4.4", "timestamp": "2026-05-12T13:57:59.260517", "branch_coverage": false, "show_contexts": false}, "files": {"remove_duplicates.py": {"executed_lines": [1, 3, 7, 27, 29], "summary": {"covered_lines": 5, "num_statements": 5, "percent_covered": 100.0, "percent_covered_display": "100", "missing_lines": 0, "excluded_lines": 0}, "missing_lines": [], "excluded_lines": []}}, "totals": {"covered_lines": 5, "num_statements": 5, "percent_covered": 100.0, "percent_covered_display": "100", "missing_lines": 0, "excluded_lines": 0}}