{"meta": {"format": 2, "version": "7.4.4", "timestamp": "2026-05-12T13:58:06.234068", "branch_coverage": false, "show_contexts": false}, "files": {"has_close_elements.py": {"executed_lines": [1, 5, 23, 25, 27, 29, 31, 33, 35], "summary": {"covered_lines": 9, "num_statements": 9, "percent_covered": 100.0, "percent_covered_display": "100", "missing_lines": 0, "excluded_lines": 0}, "missing_lines": [], "excluded_lines": []}}, "totals": {"covered_lines": 9, "num_statements": 9, "percent_covered": 100.0, "percent_covered_display": "100", "missing_lines": 0, "excluded_lines": 0}}