{"meta": {"format": 2, "version": "7.4.4", "timestamp": "2026-05-12T13:57:44.385393", "branch_coverage": false, "show_contexts": false}, "files": {"intersperse.py": {"executed_lines": [1, 5, 27, 29, 33, 35, 37, 39, 43, 45], "summary": {"covered_lines": 10, "num_statements": 10, "percent_covered": 100.0, "percent_covered_display": "100", "missing_lines": 0, "excluded_lines": 0}, "missing_lines": [], "excluded_lines": []}}, "totals": {"covered_lines": 10, "num_statements": 10, "percent_covered": 100.0, "percent_covered_display": "100", "missing_lines": 0, "excluded_lines": 0}}