{"meta": {"format": 2, "version": "7.4.4", "timestamp": "2026-05-12T13:57:56.230563", "branch_coverage": false, "show_contexts": false}, "files": {"is_happy.py": {"executed_lines": [1, 39, 41, 43, 45, 47, 49], "summary": {"covered_lines": 7, "num_statements": 7, "percent_covered": 100.0, "percent_covered_display": "100", "missing_lines": 0, "excluded_lines": 0}, "missing_lines": [], "excluded_lines": []}}, "totals": {"covered_lines": 7, "num_statements": 7, "percent_covered": 100.0, "percent_covered_display": "100", "missing_lines": 0, "excluded_lines": 0}}