{"meta": {"format": 2, "version": "7.4.4", "timestamp": "2026-05-12T13:57:49.965815", "branch_coverage": false, "show_contexts": false}, "files": {"how_many_times.py": {"executed_lines": [1, 25, 27, 31, 33, 35, 39], "summary": {"covered_lines": 7, "num_statements": 7, "percent_covered": 100.0, "percent_covered_display": "100", "missing_lines": 0, "excluded_lines": 0}, "missing_lines": [], "excluded_lines": []}}, "totals": {"covered_lines": 7, "num_statements": 7, "percent_covered": 100.0, "percent_covered_display": "100", "missing_lines": 0, "excluded_lines": 0}}