{"meta": {"format": 2, "version": "7.4.4", "timestamp": "2026-05-12T13:58:14.390392", "branch_coverage": false, "show_contexts": false}, "files": {"longest.py": {"executed_lines": [1, 5, 35, 37, 41, 43, 45, 47], "summary": {"covered_lines": 8, "num_statements": 8, "percent_covered": 100.0, "percent_covered_display": "100", "missing_lines": 0, "excluded_lines": 0}, "missing_lines": [], "excluded_lines": []}}, "totals": {"covered_lines": 8, "num_statements": 8, "percent_covered": 100.0, "percent_covered_display": "100", "missing_lines": 0, "excluded_lines": 0}}